2011-07-23 13:54:22,362 - dexy - DEBUG - Loading artifacts in /home/ana/dev/dexy/dexy/artifacts/file_system_json_artifact.py
2011-07-23 13:54:22,364 - dexy - INFO - Automatically loading all filters found in /home/ana/dev/dexy/handlers
2011-07-23 13:54:22,364 - dexy - INFO - Loading filters in /home/ana/dev/dexy/handlers/idio_handler.py
2011-07-23 13:54:22,490 - dexy - INFO - registered alias idio for class IdioHandler
2011-07-23 13:54:22,490 - dexy - INFO - registered alias idiopidae for class IdioHandler
2011-07-23 13:54:22,491 - dexy - INFO - Loading filters in /home/ana/dev/dexy/handlers/asciidoc.py
2011-07-23 13:54:22,492 - dexy - INFO - registered alias asciidoc for class AsciidocHandler
2011-07-23 13:54:22,492 - dexy - INFO - Loading filters in /home/ana/dev/dexy/handlers/pexpect_handlers.py
2011-07-23 13:54:22,535 - dexy - INFO - registered alias clj for class ClojureInteractiveHandler
2011-07-23 13:54:22,536 - dexy - INFO - registered alias cljint for class ClojureInteractiveHandler
2011-07-23 13:54:22,536 - dexy - INFO - registered alias pdf2jpg for class Pdf2Jpg
2011-07-23 13:54:22,537 - dexy - INFO - registered alias pdf2jpeg for class Pdf2Jpg
2011-07-23 13:54:22,537 - dexy - INFO - registered alias pdf2png for class Pdf2Png
2011-07-23 13:54:22,538 - dexy - INFO - class ProcessLinewiseInteractiveHandler is not available because it has no aliases
2011-07-23 13:54:22,539 - dexy - INFO - registered alias timing for class ProcessTimingHandler
2011-07-23 13:54:22,539 - dexy - INFO - registered alias pytime for class ProcessTimingHandler
2011-07-23 13:54:22,540 - dexy - INFO - registered alias ps2pdf for class Ps2Pdf
2011-07-23 13:54:22,540 - dexy - INFO - registered alias pycon for class PythonLinewiseInteractiveHandler
2011-07-23 13:54:22,541 - dexy - INFO - registered alias r for class RLinewiseInteractiveHandler
2011-07-23 13:54:22,541 - dexy - INFO - registered alias rint for class RLinewiseInteractiveHandler
2011-07-23 13:54:22,542 - dexy - INFO - registered alias jsint for class RhinoInteractiveHandler
2011-07-23 13:54:22,542 - dexy - INFO - registered alias rhino for class RhinoInteractiveHandler
2011-07-23 13:54:22,543 - dexy - INFO - Loading filters in /home/ana/dev/dexy/handlers/jinja_handler.py
2011-07-23 13:54:22,597 - dexy - INFO - registered alias fn for class FilenameHandler
2011-07-23 13:54:22,598 - dexy - INFO - registered alias jinja for class JinjaHandler
2011-07-23 13:54:22,598 - dexy - INFO - Loading filters in /home/ana/dev/dexy/handlers/pytextile_handler.py
2011-07-23 13:54:22,600 - dexy - WARNING - filters defined in handlers.pytextile_handler are not available: No module named textile
2011-07-23 13:54:22,601 - dexy - INFO - Loading filters in /home/ana/dev/dexy/handlers/python_handlers.py
2011-07-23 13:54:22,627 - dexy - INFO - registered alias archive for class ArchiveHandler
2011-07-23 13:54:22,627 - dexy - INFO - registered alias tgz for class ArchiveHandler
2011-07-23 13:54:22,627 - dexy - INFO - registered alias cp for class CopyHandler
2011-07-23 13:54:22,628 - dexy - INFO - registered alias ft for class FooterHandler
2011-07-23 13:54:22,628 - dexy - INFO - registered alias footer for class FooterHandler
2011-07-23 13:54:22,628 - dexy - INFO - registered alias head for class HeadHandler
2011-07-23 13:54:22,628 - dexy - INFO - registered alias hd for class HeaderHandler
2011-07-23 13:54:22,629 - dexy - INFO - registered alias header for class HeaderHandler
2011-07-23 13:54:22,629 - dexy - INFO - registered alias join for class JoinHandler
2011-07-23 13:54:22,629 - dexy - INFO - registered alias silly for class SillyHandler
2011-07-23 13:54:22,629 - dexy - INFO - registered alias split for class SplitHtmlHandler
2011-07-23 13:54:22,630 - dexy - INFO - registered alias splithtml for class SplitHtmlHandler
2011-07-23 13:54:22,630 - dexy - INFO - registered alias splitlatex for class SplitLatexHandler
2011-07-23 13:54:22,630 - dexy - INFO - registered alias test for class TestHandler
2011-07-23 13:54:22,631 - dexy - INFO - registered alias ww for class WordWrapHandler
2011-07-23 13:54:22,631 - dexy - INFO - registered alias wrap for class WordWrapHandler
2011-07-23 13:54:22,631 - dexy - INFO - registered alias zip for class ZipArchiveHandler
2011-07-23 13:54:22,631 - dexy - INFO - Loading filters in /home/ana/dev/dexy/handlers/word_press_handler.py
2011-07-23 13:54:22,646 - dexy - INFO - class BlogHandler is not available because it has no aliases
2011-07-23 13:54:22,646 - dexy - INFO - registered alias wp for class WordPressHandler
2011-07-23 13:54:22,647 - dexy - INFO - Loading filters in /home/ana/dev/dexy/handlers/stdout_handlers.py
2011-07-23 13:54:22,649 - dexy - INFO - registered alias bash for class BashHandler
2011-07-23 13:54:22,650 - dexy - INFO - registered alias escript for class EscriptHandler
2011-07-23 13:54:22,650 - dexy - INFO - registered alias lua for class LuaHandler
2011-07-23 13:54:22,651 - dexy - INFO - registered alias php for class PhpHandler
2011-07-23 13:54:22,652 - dexy - INFO - registered alias py for class ProcessStdoutHandler
2011-07-23 13:54:22,652 - dexy - INFO - registered alias python for class ProcessStdoutHandler
2011-07-23 13:54:22,652 - dexy - INFO - registered alias pyout for class ProcessStdoutHandler
2011-07-23 13:54:22,653 - dexy - INFO - registered alias rlrbd for class RagelRubyDotHandler
2011-07-23 13:54:22,653 - dexy - INFO - registered alias ragelrubydot for class RagelRubyDotHandler
2011-07-23 13:54:22,654 - dexy - INFO - registered alias rdconv for class RdConvHandler
2011-07-23 13:54:22,655 - dexy - INFO - registered alias redcloth for class RedclothHandler
2011-07-23 13:54:22,655 - dexy - INFO - registered alias textile for class RedclothHandler
2011-07-23 13:54:22,656 - dexy - INFO - registered alias redclothl for class RedclothLatexHandler
2011-07-23 13:54:22,656 - dexy - INFO - registered alias latextile for class RedclothLatexHandler
2011-07-23 13:54:22,656 - dexy - INFO - class Rst2BeamerHandler is not available because rst2beamer not found
2011-07-23 13:54:22,657 - dexy - INFO - class Rst2HtmlHandler is not available because rst2html.py not found
2011-07-23 13:54:22,658 - dexy - INFO - class Rst2LatexHandler is not available because rst2latex.py not found
2011-07-23 13:54:22,659 - dexy - INFO - registered alias rb for class RubyStdoutHandler
2011-07-23 13:54:22,660 - dexy - INFO - class SloccountHandler is not available because sloccount not found
2011-07-23 13:54:22,660 - dexy - INFO - Loading filters in /home/ana/dev/dexy/handlers/java_handlers.py
2011-07-23 13:54:22,662 - dexy - INFO - registered alias java for class JavaHandler
2011-07-23 13:54:22,662 - dexy - INFO - registered alias javadoc for class JavadocsJsonFilter
2011-07-23 13:54:22,662 - dexy - INFO - registered alias javadocs for class JavadocsJsonFilter
2011-07-23 13:54:22,663 - dexy - INFO - registered alias jirb for class JirbHandler
2011-07-23 13:54:22,664 - dexy - INFO - registered alias jruby for class JrubyHandler
2011-07-23 13:54:22,664 - dexy - INFO - registered alias jython for class JythonHandler
2011-07-23 13:54:22,665 - dexy - INFO - registered alias jythoni for class JythonInteractiveHandler
2011-07-23 13:54:22,666 - dexy - INFO - Loading filters in /home/ana/dev/dexy/handlers/subprocess_handlers.py
2011-07-23 13:54:22,667 - dexy - INFO - registered alias bib for class BibHandler
2011-07-23 13:54:22,668 - dexy - INFO - registered alias dot for class DotHandler
2011-07-23 13:54:22,668 - dexy - INFO - registered alias graphviz for class DotHandler
2011-07-23 13:54:22,669 - dexy - INFO - registered alias embedfonts for class EmbedFonts
2011-07-23 13:54:22,669 - dexy - INFO - registered alias prepress for class EmbedFonts
2011-07-23 13:54:22,670 - dexy - INFO - registered alias latex for class LatexHandler
2011-07-23 13:54:22,671 - dexy - INFO - registered alias rintbatch for class RBatchHandler
2011-07-23 13:54:22,671 - dexy - INFO - registered alias routbatch for class ROutputBatchHandler
2011-07-23 13:54:22,672 - dexy - INFO - registered alias rlrb for class RagelRubyHandler
2011-07-23 13:54:22,672 - dexy - INFO - registered alias ragelruby for class RagelRubyHandler
2011-07-23 13:54:22,673 - dexy - INFO - registered alias rd2pdf for class Rd2PdfHandler
2011-07-23 13:54:22,673 - dexy - INFO - registered alias Rd2pdf for class Rd2PdfHandler
2011-07-23 13:54:22,674 - dexy - INFO - registered alias rbint for class RubyInteractiveHandler
2011-07-23 13:54:22,674 - dexy - INFO - Loading filters in /home/ana/dev/dexy/handlers/clang.py
2011-07-23 13:54:22,676 - dexy - INFO - registered alias c for class CHandler
2011-07-23 13:54:22,676 - dexy - INFO - registered alias gcc for class CHandler
2011-07-23 13:54:22,677 - dexy - INFO - registered alias clang for class ClangHandler
2011-07-23 13:54:22,678 - dexy - INFO - registered alias cint for class ClangInteractiveHandler
2011-07-23 13:54:22,679 - dexy - INFO - registered alias ctime for class ClangTimingHandler
2011-07-23 13:54:22,679 - dexy - INFO - registered alias cpp for class CppHandler
2011-07-23 13:54:22,680 - dexy - INFO - Loading filters in /home/ana/dev/dexy/handlers/misc.py
2011-07-23 13:54:22,682 - dexy - INFO - registered alias b for class ConvertBashFormatHandler
2011-07-23 13:54:22,682 - dexy - INFO - registered alias forcebash for class ConvertBashFormatHandler
2011-07-23 13:54:22,682 - dexy - INFO - registered alias ch for class ConvertHTMLFormatHandler
2011-07-23 13:54:22,683 - dexy - INFO - registered alias ct for class ConvertTextFormatHandler
2011-07-23 13:54:22,683 - dexy - INFO - registered alias jn for class ForceJpgFormatHandler
2011-07-23 13:54:22,683 - dexy - INFO - registered alias forcejpg for class ForceJpgFormatHandler
2011-07-23 13:54:22,683 - dexy - INFO - registered alias pn for class ForcePngFormatHandler
2011-07-23 13:54:22,684 - dexy - INFO - registered alias forcepng for class ForcePngFormatHandler
2011-07-23 13:54:22,684 - dexy - INFO - registered alias h for class HtmlFormatHandler
2011-07-23 13:54:22,684 - dexy - INFO - registered alias forcehtml for class HtmlFormatHandler
2011-07-23 13:54:22,684 - dexy - INFO - registered alias j for class JsonFormatHandler
2011-07-23 13:54:22,685 - dexy - INFO - registered alias forcejson for class JsonFormatHandler
2011-07-23 13:54:22,685 - dexy - INFO - registered alias l for class LatexFormatHandler
2011-07-23 13:54:22,685 - dexy - INFO - registered alias forcelatex for class LatexFormatHandler
2011-07-23 13:54:22,686 - dexy - INFO - registered alias p for class PdfFormatHandler
2011-07-23 13:54:22,686 - dexy - INFO - registered alias forcepdf for class PdfFormatHandler
2011-07-23 13:54:22,686 - dexy - INFO - registered alias forcer for class RFormatHandler
2011-07-23 13:54:22,687 - dexy - INFO - registered alias t for class TextFormatHandler
2011-07-23 13:54:22,687 - dexy - INFO - registered alias forcetext for class TextFormatHandler
2011-07-23 13:54:22,687 - dexy - INFO - registered alias x for class XmlFormatHandler
2011-07-23 13:54:22,687 - dexy - INFO - registered alias forcexml for class XmlFormatHandler
2011-07-23 13:54:22,688 - dexy - INFO - Loading filters in /home/ana/dev/dexy/handlers/tumblr_handler.py
2011-07-23 13:54:22,690 - dexy - WARNING - filters defined in handlers.tumblr_handler are not available: No module named tumblr
2011-07-23 13:54:22,690 - dexy - INFO - Loading filters in /home/ana/dev/dexy/handlers/gdata_filters.py
2011-07-23 13:54:22,787 - dexy - INFO - registered alias picasa for class PicasaFilter
2011-07-23 13:54:22,787 - dexy - INFO - Loading filters in /home/ana/dev/dexy/handlers/wiki_handlers.py
2011-07-23 13:54:22,790 - dexy - WARNING - filters defined in handlers.wiki_handlers are not available: No module named mwclient
2011-07-23 13:54:22,790 - dexy - INFO - Loading filters in /home/ana/dev/dexy/handlers/markdown_handler.py
2011-07-23 13:54:22,818 - dexy - INFO - registered alias markdown for class MarkdownHandler
2011-07-23 13:54:22,819 - dexy - INFO - Loading filters in /home/ana/dev/dexy/handlers/pyg_handler.py
2011-07-23 13:54:22,820 - dexy - INFO - registered alias pyg for class PygHandler
2011-07-23 13:54:22,821 - dexy - INFO - registered alias pygments for class PygHandler
2011-07-23 13:54:22,821 - dexy - INFO - Loading filters in /home/ana/dev/dexy/handlers/blog_handler.py
2011-07-23 13:54:22,822 - dexy - INFO - class BlogHandler is not available because it has no aliases
2011-07-23 13:54:22,822 - dexy - INFO - Loading filters in /home/ana/dev/dexy/handlers/posterous_handler.py
2011-07-23 13:54:22,824 - dexy - WARNING - filters defined in handlers.posterous_handler are not available: No module named posterous
2011-07-23 13:54:22,825 - dexy - INFO - Loading filters in /home/ana/dev/dexy/handlers/boto_handlers.py
2011-07-23 13:54:22,890 - dexy - INFO - registered alias botoup for class BotoUploadHandler
2011-07-23 13:54:22,891 - dexy - INFO - Loading filters in /home/ana/dev/dexy/handlers/cucumber_handler.py
2011-07-23 13:54:22,892 - dexy - INFO - registered alias cuke for class CucumberHandler
2011-07-23 13:54:22,892 - dexy - INFO - Loading filters in /home/ana/dev/dexy/handlers/pynliner_handler.py
2011-07-23 13:54:22,893 - dexy - INFO - registered alias pynliner for class PynlinerHandler
2011-07-23 13:54:22,893 - dexy - INFO - registered alias inlinecss for class PynlinerHandler
2011-07-23 13:54:22,893 - dexy - INFO - Loading filters in /home/ana/dev/dexy/handlers/vanillaforums_handlers.py
2011-07-23 13:54:22,903 - dexy - INFO - registered alias vanillacomment for class VanillaForumCommentHandler
2011-07-23 13:54:22,904 - dexy - INFO - registered alias vanilla for class VanillaForumHandler
2011-07-23 13:54:22,904 - dexy - INFO - ...finished loading filters from /home/ana/dev/dexy/handlers
2011-07-23 13:54:22,905 - dexy - INFO - Loading reporters in /home/ana/dev/dexy/reporters/run_reporter.py
2011-07-23 13:54:22,907 - dexy - INFO - Loading reporters in /home/ana/dev/dexy/reporters/output_reporter.py
2011-07-23 13:54:22,909 - dexy - INFO - Loading reporters in /home/ana/dev/dexy/reporters/profile_reporter.py
2011-07-23 13:54:23,528 - dexy - INFO - running dexy with recurse
2011-07-23 13:54:23,529 - dexy - DEBUG - removing artifacts from list of child dirs ['logs', 'artifacts'] of . because it is a dexy dir
2011-07-23 13:54:23,529 - dexy - DEBUG - removing logs from list of child dirs ['logs'] of . because it is a dexy dir
2011-07-23 13:54:23,530 - dexy - INFO - processing dir .
2011-07-23 13:54:23,531 - dexy - INFO - loading config ./.dexy
2011-07-23 13:54:23,532 - dexy - INFO - loading config ././.dexy
2011-07-23 13:54:23,532 - dexy - INFO - Automatically loading all filters found in /home/ana/dev/dexy/handlers
2011-07-23 13:54:23,533 - dexy - INFO - Loading filters in /home/ana/dev/dexy/handlers/idio_handler.py
2011-07-23 13:54:23,533 - dexy - INFO - registered alias idio for class IdioHandler
2011-07-23 13:54:23,533 - dexy - INFO - registered alias idiopidae for class IdioHandler
2011-07-23 13:54:23,534 - dexy - INFO - Loading filters in /home/ana/dev/dexy/handlers/asciidoc.py
2011-07-23 13:54:23,535 - dexy - INFO - registered alias asciidoc for class AsciidocHandler
2011-07-23 13:54:23,535 - dexy - INFO - Loading filters in /home/ana/dev/dexy/handlers/pexpect_handlers.py
2011-07-23 13:54:23,535 - dexy - INFO - registered alias clj for class ClojureInteractiveHandler
2011-07-23 13:54:23,536 - dexy - INFO - registered alias cljint for class ClojureInteractiveHandler
2011-07-23 13:54:23,536 - dexy - INFO - registered alias pdf2jpg for class Pdf2Jpg
2011-07-23 13:54:23,537 - dexy - INFO - registered alias pdf2jpeg for class Pdf2Jpg
2011-07-23 13:54:23,537 - dexy - INFO - registered alias pdf2png for class Pdf2Png
2011-07-23 13:54:23,537 - dexy - INFO - class ProcessLinewiseInteractiveHandler is not available because it has no aliases
2011-07-23 13:54:23,538 - dexy - INFO - registered alias timing for class ProcessTimingHandler
2011-07-23 13:54:23,538 - dexy - INFO - registered alias pytime for class ProcessTimingHandler
2011-07-23 13:54:23,539 - dexy - INFO - registered alias ps2pdf for class Ps2Pdf
2011-07-23 13:54:23,540 - dexy - INFO - registered alias pycon for class PythonLinewiseInteractiveHandler
2011-07-23 13:54:23,540 - dexy - INFO - registered alias r for class RLinewiseInteractiveHandler
2011-07-23 13:54:23,541 - dexy - INFO - registered alias rint for class RLinewiseInteractiveHandler
2011-07-23 13:54:23,542 - dexy - INFO - registered alias jsint for class RhinoInteractiveHandler
2011-07-23 13:54:23,542 - dexy - INFO - registered alias rhino for class RhinoInteractiveHandler
2011-07-23 13:54:23,542 - dexy - INFO - Loading filters in /home/ana/dev/dexy/handlers/jinja_handler.py
2011-07-23 13:54:23,543 - dexy - INFO - registered alias fn for class FilenameHandler
2011-07-23 13:54:23,543 - dexy - INFO - registered alias jinja for class JinjaHandler
2011-07-23 13:54:23,543 - dexy - INFO - Loading filters in /home/ana/dev/dexy/handlers/pytextile_handler.py
2011-07-23 13:54:23,546 - dexy - WARNING - filters defined in handlers.pytextile_handler are not available: No module named textile
2011-07-23 13:54:23,546 - dexy - INFO - Loading filters in /home/ana/dev/dexy/handlers/python_handlers.py
2011-07-23 13:54:23,547 - dexy - INFO - registered alias archive for class ArchiveHandler
2011-07-23 13:54:23,547 - dexy - INFO - registered alias tgz for class ArchiveHandler
2011-07-23 13:54:23,547 - dexy - INFO - registered alias cp for class CopyHandler
2011-07-23 13:54:23,547 - dexy - INFO - registered alias ft for class FooterHandler
2011-07-23 13:54:23,548 - dexy - INFO - registered alias footer for class FooterHandler
2011-07-23 13:54:23,548 - dexy - INFO - registered alias head for class HeadHandler
2011-07-23 13:54:23,548 - dexy - INFO - registered alias hd for class HeaderHandler
2011-07-23 13:54:23,548 - dexy - INFO - registered alias header for class HeaderHandler
2011-07-23 13:54:23,549 - dexy - INFO - registered alias join for class JoinHandler
2011-07-23 13:54:23,549 - dexy - INFO - registered alias silly for class SillyHandler
2011-07-23 13:54:23,549 - dexy - INFO - registered alias split for class SplitHtmlHandler
2011-07-23 13:54:23,549 - dexy - INFO - registered alias splithtml for class SplitHtmlHandler
2011-07-23 13:54:23,550 - dexy - INFO - registered alias splitlatex for class SplitLatexHandler
2011-07-23 13:54:23,550 - dexy - INFO - registered alias test for class TestHandler
2011-07-23 13:54:23,550 - dexy - INFO - registered alias ww for class WordWrapHandler
2011-07-23 13:54:23,551 - dexy - INFO - registered alias wrap for class WordWrapHandler
2011-07-23 13:54:23,551 - dexy - INFO - registered alias zip for class ZipArchiveHandler
2011-07-23 13:54:23,551 - dexy - INFO - Loading filters in /home/ana/dev/dexy/handlers/word_press_handler.py
2011-07-23 13:54:23,551 - dexy - INFO - class BlogHandler is not available because it has no aliases
2011-07-23 13:54:23,552 - dexy - INFO - registered alias wp for class WordPressHandler
2011-07-23 13:54:23,552 - dexy - INFO - Loading filters in /home/ana/dev/dexy/handlers/stdout_handlers.py
2011-07-23 13:54:23,553 - dexy - INFO - registered alias bash for class BashHandler
2011-07-23 13:54:23,554 - dexy - INFO - registered alias escript for class EscriptHandler
2011-07-23 13:54:23,554 - dexy - INFO - registered alias lua for class LuaHandler
2011-07-23 13:54:23,555 - dexy - INFO - registered alias php for class PhpHandler
2011-07-23 13:54:23,556 - dexy - INFO - registered alias py for class ProcessStdoutHandler
2011-07-23 13:54:23,556 - dexy - INFO - registered alias python for class ProcessStdoutHandler
2011-07-23 13:54:23,556 - dexy - INFO - registered alias pyout for class ProcessStdoutHandler
2011-07-23 13:54:23,557 - dexy - INFO - registered alias rlrbd for class RagelRubyDotHandler
2011-07-23 13:54:23,557 - dexy - INFO - registered alias ragelrubydot for class RagelRubyDotHandler
2011-07-23 13:54:23,558 - dexy - INFO - registered alias rdconv for class RdConvHandler
2011-07-23 13:54:23,558 - dexy - INFO - registered alias redcloth for class RedclothHandler
2011-07-23 13:54:23,559 - dexy - INFO - registered alias textile for class RedclothHandler
2011-07-23 13:54:23,559 - dexy - INFO - registered alias redclothl for class RedclothLatexHandler
2011-07-23 13:54:23,560 - dexy - INFO - registered alias latextile for class RedclothLatexHandler
2011-07-23 13:54:23,561 - dexy - INFO - class Rst2BeamerHandler is not available because rst2beamer not found
2011-07-23 13:54:23,562 - dexy - INFO - class Rst2HtmlHandler is not available because rst2html.py not found
2011-07-23 13:54:23,563 - dexy - INFO - class Rst2LatexHandler is not available because rst2latex.py not found
2011-07-23 13:54:23,563 - dexy - INFO - registered alias rb for class RubyStdoutHandler
2011-07-23 13:54:23,564 - dexy - INFO - class SloccountHandler is not available because sloccount not found
2011-07-23 13:54:23,565 - dexy - INFO - Loading filters in /home/ana/dev/dexy/handlers/java_handlers.py
2011-07-23 13:54:23,565 - dexy - INFO - registered alias java for class JavaHandler
2011-07-23 13:54:23,566 - dexy - INFO - registered alias javadoc for class JavadocsJsonFilter
2011-07-23 13:54:23,566 - dexy - INFO - registered alias javadocs for class JavadocsJsonFilter
2011-07-23 13:54:23,567 - dexy - INFO - registered alias jirb for class JirbHandler
2011-07-23 13:54:23,568 - dexy - INFO - registered alias jruby for class JrubyHandler
2011-07-23 13:54:23,568 - dexy - INFO - registered alias jython for class JythonHandler
2011-07-23 13:54:23,569 - dexy - INFO - registered alias jythoni for class JythonInteractiveHandler
2011-07-23 13:54:23,570 - dexy - INFO - Loading filters in /home/ana/dev/dexy/handlers/subprocess_handlers.py
2011-07-23 13:54:23,570 - dexy - INFO - registered alias bib for class BibHandler
2011-07-23 13:54:23,571 - dexy - INFO - registered alias dot for class DotHandler
2011-07-23 13:54:23,571 - dexy - INFO - registered alias graphviz for class DotHandler
2011-07-23 13:54:23,572 - dexy - INFO - registered alias embedfonts for class EmbedFonts
2011-07-23 13:54:23,572 - dexy - INFO - registered alias prepress for class EmbedFonts
2011-07-23 13:54:23,573 - dexy - INFO - registered alias latex for class LatexHandler
2011-07-23 13:54:23,574 - dexy - INFO - registered alias rintbatch for class RBatchHandler
2011-07-23 13:54:23,575 - dexy - INFO - registered alias routbatch for class ROutputBatchHandler
2011-07-23 13:54:23,576 - dexy - INFO - registered alias rlrb for class RagelRubyHandler
2011-07-23 13:54:23,576 - dexy - INFO - registered alias ragelruby for class RagelRubyHandler
2011-07-23 13:54:23,577 - dexy - INFO - registered alias rd2pdf for class Rd2PdfHandler
2011-07-23 13:54:23,577 - dexy - INFO - registered alias Rd2pdf for class Rd2PdfHandler
2011-07-23 13:54:23,578 - dexy - INFO - registered alias rbint for class RubyInteractiveHandler
2011-07-23 13:54:23,578 - dexy - INFO - Loading filters in /home/ana/dev/dexy/handlers/clang.py
2011-07-23 13:54:23,579 - dexy - INFO - registered alias c for class CHandler
2011-07-23 13:54:23,579 - dexy - INFO - registered alias gcc for class CHandler
2011-07-23 13:54:23,580 - dexy - INFO - registered alias clang for class ClangHandler
2011-07-23 13:54:23,581 - dexy - INFO - registered alias cint for class ClangInteractiveHandler
2011-07-23 13:54:23,581 - dexy - INFO - registered alias ctime for class ClangTimingHandler
2011-07-23 13:54:23,582 - dexy - INFO - registered alias cpp for class CppHandler
2011-07-23 13:54:23,582 - dexy - INFO - Loading filters in /home/ana/dev/dexy/handlers/misc.py
2011-07-23 13:54:23,583 - dexy - INFO - registered alias b for class ConvertBashFormatHandler
2011-07-23 13:54:23,583 - dexy - INFO - registered alias forcebash for class ConvertBashFormatHandler
2011-07-23 13:54:23,583 - dexy - INFO - registered alias ch for class ConvertHTMLFormatHandler
2011-07-23 13:54:23,584 - dexy - INFO - registered alias ct for class ConvertTextFormatHandler
2011-07-23 13:54:23,584 - dexy - INFO - registered alias jn for class ForceJpgFormatHandler
2011-07-23 13:54:23,584 - dexy - INFO - registered alias forcejpg for class ForceJpgFormatHandler
2011-07-23 13:54:23,584 - dexy - INFO - registered alias pn for class ForcePngFormatHandler
2011-07-23 13:54:23,585 - dexy - INFO - registered alias forcepng for class ForcePngFormatHandler
2011-07-23 13:54:23,585 - dexy - INFO - registered alias h for class HtmlFormatHandler
2011-07-23 13:54:23,585 - dexy - INFO - registered alias forcehtml for class HtmlFormatHandler
2011-07-23 13:54:23,586 - dexy - INFO - registered alias j for class JsonFormatHandler
2011-07-23 13:54:23,586 - dexy - INFO - registered alias forcejson for class JsonFormatHandler
2011-07-23 13:54:23,586 - dexy - INFO - registered alias l for class LatexFormatHandler
2011-07-23 13:54:23,586 - dexy - INFO - registered alias forcelatex for class LatexFormatHandler
2011-07-23 13:54:23,587 - dexy - INFO - registered alias p for class PdfFormatHandler
2011-07-23 13:54:23,587 - dexy - INFO - registered alias forcepdf for class PdfFormatHandler
2011-07-23 13:54:23,587 - dexy - INFO - registered alias forcer for class RFormatHandler
2011-07-23 13:54:23,587 - dexy - INFO - registered alias t for class TextFormatHandler
2011-07-23 13:54:23,588 - dexy - INFO - registered alias forcetext for class TextFormatHandler
2011-07-23 13:54:23,588 - dexy - INFO - registered alias x for class XmlFormatHandler
2011-07-23 13:54:23,588 - dexy - INFO - registered alias forcexml for class XmlFormatHandler
2011-07-23 13:54:23,588 - dexy - INFO - Loading filters in /home/ana/dev/dexy/handlers/tumblr_handler.py
2011-07-23 13:54:23,591 - dexy - WARNING - filters defined in handlers.tumblr_handler are not available: No module named tumblr
2011-07-23 13:54:23,592 - dexy - INFO - Loading filters in /home/ana/dev/dexy/handlers/gdata_filters.py
2011-07-23 13:54:23,592 - dexy - INFO - registered alias picasa for class PicasaFilter
2011-07-23 13:54:23,593 - dexy - INFO - Loading filters in /home/ana/dev/dexy/handlers/wiki_handlers.py
2011-07-23 13:54:23,595 - dexy - WARNING - filters defined in handlers.wiki_handlers are not available: No module named mwclient
2011-07-23 13:54:23,596 - dexy - INFO - Loading filters in /home/ana/dev/dexy/handlers/markdown_handler.py
2011-07-23 13:54:23,596 - dexy - INFO - registered alias markdown for class MarkdownHandler
2011-07-23 13:54:23,596 - dexy - INFO - Loading filters in /home/ana/dev/dexy/handlers/pyg_handler.py
2011-07-23 13:54:23,597 - dexy - INFO - registered alias pyg for class PygHandler
2011-07-23 13:54:23,597 - dexy - INFO - registered alias pygments for class PygHandler
2011-07-23 13:54:23,597 - dexy - INFO - Loading filters in /home/ana/dev/dexy/handlers/blog_handler.py
2011-07-23 13:54:23,597 - dexy - INFO - class BlogHandler is not available because it has no aliases
2011-07-23 13:54:23,598 - dexy - INFO - Loading filters in /home/ana/dev/dexy/handlers/posterous_handler.py
2011-07-23 13:54:23,600 - dexy - WARNING - filters defined in handlers.posterous_handler are not available: No module named posterous
2011-07-23 13:54:23,601 - dexy - INFO - Loading filters in /home/ana/dev/dexy/handlers/boto_handlers.py
2011-07-23 13:54:23,601 - dexy - INFO - registered alias botoup for class BotoUploadHandler
2011-07-23 13:54:23,601 - dexy - INFO - Loading filters in /home/ana/dev/dexy/handlers/cucumber_handler.py
2011-07-23 13:54:23,602 - dexy - INFO - registered alias cuke for class CucumberHandler
2011-07-23 13:54:23,602 - dexy - INFO - Loading filters in /home/ana/dev/dexy/handlers/pynliner_handler.py
2011-07-23 13:54:23,603 - dexy - INFO - registered alias pynliner for class PynlinerHandler
2011-07-23 13:54:23,603 - dexy - INFO - registered alias inlinecss for class PynlinerHandler
2011-07-23 13:54:23,603 - dexy - INFO - Loading filters in /home/ana/dev/dexy/handlers/vanillaforums_handlers.py
2011-07-23 13:54:23,604 - dexy - INFO - registered alias vanillacomment for class VanillaForumCommentHandler
2011-07-23 13:54:23,604 - dexy - INFO - registered alias vanilla for class VanillaForumHandler
2011-07-23 13:54:23,604 - dexy - INFO - ...finished loading filters from /home/ana/dev/dexy/handlers
2011-07-23 13:54:23,610 - dexy - DEBUG - About to process config:
{'.': {'$globals': {},
       u'*.md|jinja|markdown|hd|ft': {u'allinputs': True},
       u'*.py|idio': {},
       u'*.py|pyg': {},
       u'_*.html|dexy': {},
       u'demo-script.py|idio|pycon|pyg': {}}}
2011-07-23 13:54:23,612 - dexy - DEBUG - creating doc demo-script.py|idio|pycon|pyg for glob demo-script.py
2011-07-23 13:54:23,613 - dexy - DEBUG - no existing key demo-script.py|idio|pycon|pyg
2011-07-23 13:54:23,615 - dexy - DEBUG - creating doc _header.html|dexy for glob _*.html
2011-07-23 13:54:23,616 - dexy - DEBUG - no existing key _header.html|dexy
2011-07-23 13:54:23,616 - dexy - DEBUG - creating doc _footer.html|dexy for glob _*.html
2011-07-23 13:54:23,617 - dexy - DEBUG - no existing key _footer.html|dexy
2011-07-23 13:54:23,619 - dexy - DEBUG - creating doc index.md|jinja|markdown|hd|ft for glob *.md
2011-07-23 13:54:23,619 - dexy - DEBUG - no existing key index.md|jinja|markdown|hd|ft
2011-07-23 13:54:23,620 - dexy - DEBUG - args: {u'allinputs': True}
2011-07-23 13:54:23,622 - dexy - DEBUG - creating doc demomodule.py|pyg for glob *.py
2011-07-23 13:54:23,623 - dexy - DEBUG - no existing key demomodule.py|pyg
2011-07-23 13:54:23,623 - dexy - DEBUG - creating doc demo-script.py|pyg for glob *.py
2011-07-23 13:54:23,624 - dexy - DEBUG - no existing key demo-script.py|pyg
2011-07-23 13:54:23,626 - dexy - DEBUG - creating doc demomodule.py|idio for glob *.py
2011-07-23 13:54:23,626 - dexy - DEBUG - no existing key demomodule.py|idio
2011-07-23 13:54:23,627 - dexy - DEBUG - creating doc demo-script.py|idio for glob *.py
2011-07-23 13:54:23,627 - dexy - DEBUG - no existing key demo-script.py|idio
2011-07-23 13:54:23,884 - demo-script.py|idio - INFO - (step 0) [run] demo-script.py -> 4b76b10568955048da72201c2e8dca99.py
2011-07-23 13:54:23,981 - demo-script.py|idio - INFO - (step 1) [run] demo-script.py|idio -> 34376c886a0d38b73b651dd020f8f1ee.html
2011-07-23 13:54:24,328 - demomodule.py|idio - INFO - (step 0) [run] demomodule.py -> 7213f334cc32bff7392835c15efa9a89.py
2011-07-23 13:54:24,426 - demomodule.py|idio - INFO - (step 1) [run] demomodule.py|idio -> ff9d922a121fb6d0fe2b69c8a45da605.html
2011-07-23 13:54:24,649 - demo-script.py|pyg - INFO - (step 0) [run] demo-script.py -> f3a07e4ef9f59862833bb901cc3009ca.py
2011-07-23 13:54:24,748 - demo-script.py|pyg - INFO - (step 1) [run] demo-script.py|pyg -> 370c4433125d2aac16d03fb6cd9ab550.html
2011-07-23 13:54:24,961 - demomodule.py|pyg - INFO - (step 0) [run] demomodule.py -> 509c603b106984253eb2ef70c3428389.py
2011-07-23 13:54:25,059 - demomodule.py|pyg - INFO - (step 1) [run] demomodule.py|pyg -> a75ebdde58ba5bb6406e4b5668c556f2.html
2011-07-23 13:54:25,283 - _footer.html|dexy - INFO - (step 0) [run] _footer.html -> 89c2f62dec8cba044d3e650a5803cee2.html
2011-07-23 13:54:25,415 - _footer.html|dexy - INFO - (step 1) [run] _footer.html|dexy -> 0ffb0fb178085c6634da5ee9bcf36cfe.html
2011-07-23 13:54:25,517 - _header.html|dexy - INFO - (step 0) [run] _header.html -> 0d8b5bea48dd5c79e8afa053bb3a948b.html
2011-07-23 13:54:25,615 - _header.html|dexy - INFO - (step 1) [run] _header.html|dexy -> 2147b461aa123a3ca263b5026a06606c.html
2011-07-23 13:54:25,717 - demo-script.py|idio|pycon|pyg - INFO - (step 0) [run] demo-script.py -> 4b76b10568955048da72201c2e8dca99.py
2011-07-23 13:54:25,815 - demo-script.py|idio|pycon|pyg - INFO - (step 1) [run] demo-script.py|idio -> ca6950f3cd617716f94c32ae8fd7bda3.txt
2011-07-23 13:54:26,037 - demo-script.py|idio|pycon|pyg - INFO - (step 2) [run] demo-script.py|idio|pycon -> a3f225bd44688dc8aad32b669755e848.pycon
2011-07-23 13:54:27,215 - demo-script.py|idio|pycon|pyg - INFO - (step 3) [run] demo-script.py|idio|pycon|pyg -> 0040a628b91e9fb18ce1bf87e0cbdc8e.html
2011-07-23 13:54:27,347 - index.md|jinja|markdown|hd|ft - INFO - (step 0) [run] index.md -> 9945a4272bfaac4d63fec3e1247cbb52.md
2011-07-23 13:54:27,426 - index.md|jinja|markdown|hd|ft - INFO - (step 1) [run] index.md|jinja -> 153ef7b48b2830ad95e61775813e8a58.md
2011-07-23 13:54:27,428 - index.md|jinja|markdown|hd|ft - DEBUG - Loading artifact demo-script.py|idio
2011-07-23 13:54:27,433 - index.md|jinja|markdown|hd|ft - DEBUG - Loading artifact demo-script.py|idio|pycon|pyg
2011-07-23 13:54:27,436 - index.md|jinja|markdown|hd|ft - DEBUG - Loading artifact _footer.html|dexy
2011-07-23 13:54:27,439 - index.md|jinja|markdown|hd|ft - DEBUG - Loading artifact demomodule.py|pyg
2011-07-23 13:54:27,441 - index.md|jinja|markdown|hd|ft - DEBUG - Loading artifact demomodule.py|idio
2011-07-23 13:54:27,444 - index.md|jinja|markdown|hd|ft - DEBUG - Loading artifact demo-script.py|pyg
2011-07-23 13:54:27,446 - index.md|jinja|markdown|hd|ft - DEBUG - Loading artifact _header.html|dexy
2011-07-23 13:54:27,571 - index.md|jinja|markdown|hd|ft - INFO - (step 2) [run] index.md|jinja|markdown -> a33c1498071adf2f9ec53132c0a2e9ea.html
2011-07-23 13:54:27,771 - index.md|jinja|markdown|hd|ft - INFO - (step 3) [run] index.md|jinja|markdown|hd -> edaa8966ad7f1a3997a814671897afe5.html
2011-07-23 13:54:27,772 - index.md|jinja|markdown|hd|ft - DEBUG - using _header.html|dexy as header for index.md|jinja|markdown|hd
2011-07-23 13:54:27,893 - index.md|jinja|markdown|hd|ft - INFO - (step 4) [run] index.md|jinja|markdown|hd|ft -> 452d7071a53b80a9c5f6d2eea5781140.html
2011-07-23 13:54:27,894 - index.md|jinja|markdown|hd|ft - DEBUG - using _footer.html|dexy as footer for index.md|jinja|markdown|hd|ft
